{"asctime": "2025-05-14 20:37:02", "levelname": "INFO", "name": "streamlit_app.app", "message": "Environment variables loaded"}
{"asctime": "2025-05-14 20:37:02", "levelname": "INFO", "name": "streamlit_app.app", "message": "Using API URL: http://127.0.0.1:5000"}
{"asctime": "2025-05-14 20:37:02", "levelname": "INFO", "name": "streamlit_app.app", "message": "Configuring security settings"}
{"asctime": "2025-05-14 20:37:02", "levelname": "INFO", "name": "streamlit_app.app", "message": "Starting application"}
{"asctime": "2025-05-14 20:37:02", "levelname": "INFO", "name": "streamlit_app.app", "message": "Privacy statement not accepted yet"}
{"asctime": "2025-05-14 20:37:02", "levelname": "INFO", "name": "streamlit_app.app", "message": "Displaying privacy statement"}
{"asctime": "2025-05-14 20:37:06", "levelname": "INFO", "name": "streamlit_app.app", "message": "Environment variables loaded"}
{"asctime": "2025-05-14 20:37:06", "levelname": "INFO", "name": "streamlit_app.app", "message": "Using API URL: http://127.0.0.1:5000"}
{"asctime": "2025-05-14 20:37:06", "levelname": "INFO", "name": "streamlit_app.app", "message": "Configuring security settings"}
{"asctime": "2025-05-14 20:37:06", "levelname": "INFO", "name": "streamlit_app.app", "message": "Starting application"}
{"asctime": "2025-05-14 20:37:06", "levelname": "INFO", "name": "streamlit_app.app", "message": "Displaying privacy statement"}
{"asctime": "2025-05-14 20:37:06", "levelname": "INFO", "name": "streamlit_app.app", "message": "Privacy statement accepted"}
{"asctime": "2025-05-14 20:37:08", "levelname": "INFO", "name": "streamlit_app.app", "message": "Environment variables loaded"}
{"asctime": "2025-05-14 20:37:08", "levelname": "INFO", "name": "streamlit_app.app", "message": "Using API URL: http://127.0.0.1:5000"}
{"asctime": "2025-05-14 20:37:08", "levelname": "INFO", "name": "streamlit_app.app", "message": "Configuring security settings"}
{"asctime": "2025-05-14 20:37:08", "levelname": "INFO", "name": "streamlit_app.app", "message": "Starting application"}
{"asctime": "2025-05-14 20:37:08", "levelname": "INFO", "name": "streamlit_app.app", "message": "Retrieving filter options"}
{"asctime": "2025-05-14 20:38:24", "levelname": "INFO", "name": "streamlit_app.app", "message": "Environment variables loaded"}
{"asctime": "2025-05-14 20:38:24", "levelname": "INFO", "name": "streamlit_app.app", "message": "Using API URL: http://127.0.0.1:5000"}
{"asctime": "2025-05-14 20:38:24", "levelname": "INFO", "name": "streamlit_app.app", "message": "Configuring security settings"}
{"asctime": "2025-05-14 20:38:24", "levelname": "INFO", "name": "streamlit_app.app", "message": "Starting application"}
{"asctime": "2025-05-14 20:38:24", "levelname": "INFO", "name": "streamlit_app.app", "message": "Privacy statement not accepted yet"}
{"asctime": "2025-05-14 20:38:24", "levelname": "INFO", "name": "streamlit_app.app", "message": "Displaying privacy statement"}
{"asctime": "2025-05-14 20:38:25", "levelname": "INFO", "name": "streamlit_app.app", "message": "Environment variables loaded"}
{"asctime": "2025-05-14 20:38:25", "levelname": "INFO", "name": "streamlit_app.app", "message": "Using API URL: http://127.0.0.1:5000"}
{"asctime": "2025-05-14 20:38:25", "levelname": "INFO", "name": "streamlit_app.app", "message": "Configuring security settings"}
{"asctime": "2025-05-14 20:38:25", "levelname": "INFO", "name": "streamlit_app.app", "message": "Starting application"}
{"asctime": "2025-05-14 20:38:25", "levelname": "INFO", "name": "streamlit_app.app", "message": "Displaying privacy statement"}
{"asctime": "2025-05-14 20:38:25", "levelname": "INFO", "name": "streamlit_app.app", "message": "Privacy statement accepted"}
{"asctime": "2025-05-14 20:38:27", "levelname": "INFO", "name": "streamlit_app.app", "message": "Environment variables loaded"}
{"asctime": "2025-05-14 20:38:27", "levelname": "INFO", "name": "streamlit_app.app", "message": "Using API URL: http://127.0.0.1:5000"}
{"asctime": "2025-05-14 20:38:27", "levelname": "INFO", "name": "streamlit_app.app", "message": "Configuring security settings"}
{"asctime": "2025-05-14 20:38:27", "levelname": "INFO", "name": "streamlit_app.app", "message": "Starting application"}
{"asctime": "2025-05-14 20:38:27", "levelname": "INFO", "name": "streamlit_app.app", "message": "Retrieving filter options"}
{"asctime": "2025-05-14 20:41:44", "levelname": "INFO", "name": "streamlit_app.app", "message": "Environment variables loaded"}
{"asctime": "2025-05-14 20:41:44", "levelname": "INFO", "name": "streamlit_app.app", "message": "Using API URL: http://127.0.0.1:5000"}
{"asctime": "2025-05-14 20:41:44", "levelname": "INFO", "name": "streamlit_app.app", "message": "Configuring security settings"}
{"asctime": "2025-05-14 20:41:44", "levelname": "INFO", "name": "streamlit_app.app", "message": "Starting application"}
{"asctime": "2025-05-14 20:41:44", "levelname": "INFO", "name": "streamlit_app.app", "message": "Privacy statement not accepted yet"}
{"asctime": "2025-05-14 20:41:44", "levelname": "INFO", "name": "streamlit_app.app", "message": "Displaying privacy statement"}
{"asctime": "2025-05-14 20:41:47", "levelname": "INFO", "name": "streamlit_app.app", "message": "Environment variables loaded"}
{"asctime": "2025-05-14 20:41:47", "levelname": "INFO", "name": "streamlit_app.app", "message": "Using API URL: http://127.0.0.1:5000"}
{"asctime": "2025-05-14 20:41:47", "levelname": "INFO", "name": "streamlit_app.app", "message": "Configuring security settings"}
{"asctime": "2025-05-14 20:41:47", "levelname": "INFO", "name": "streamlit_app.app", "message": "Starting application"}
{"asctime": "2025-05-14 20:41:47", "levelname": "INFO", "name": "streamlit_app.app", "message": "Displaying privacy statement"}
{"asctime": "2025-05-14 20:41:47", "levelname": "INFO", "name": "streamlit_app.app", "message": "Privacy statement accepted"}
{"asctime": "2025-05-14 20:41:48", "levelname": "INFO", "name": "streamlit_app.app", "message": "Environment variables loaded"}
{"asctime": "2025-05-14 20:41:48", "levelname": "INFO", "name": "streamlit_app.app", "message": "Using API URL: http://127.0.0.1:5000"}
{"asctime": "2025-05-14 20:41:48", "levelname": "INFO", "name": "streamlit_app.app", "message": "Configuring security settings"}
{"asctime": "2025-05-14 20:41:48", "levelname": "INFO", "name": "streamlit_app.app", "message": "Starting application"}
{"asctime": "2025-05-14 20:41:48", "levelname": "INFO", "name": "streamlit_app.app", "message": "Retrieving filter options"}
{"asctime": "2025-05-14 20:51:03", "levelname": "INFO", "name": "streamlit_app.app", "message": "Environment variables loaded"}
{"asctime": "2025-05-14 20:51:03", "levelname": "INFO", "name": "streamlit_app.app", "message": "Using API URL: http://127.0.0.1:5000"}
{"asctime": "2025-05-14 20:51:03", "levelname": "INFO", "name": "streamlit_app.app", "message": "Configuring security settings"}
{"asctime": "2025-05-14 20:51:03", "levelname": "INFO", "name": "streamlit_app.app", "message": "Starting application"}
{"asctime": "2025-05-14 20:51:03", "levelname": "INFO", "name": "streamlit_app.app", "message": "Privacy statement not accepted yet"}
{"asctime": "2025-05-14 20:51:03", "levelname": "INFO", "name": "streamlit_app.app", "message": "Displaying privacy statement"}
{"asctime": "2025-05-14 20:51:05", "levelname": "INFO", "name": "streamlit_app.app", "message": "Environment variables loaded"}
{"asctime": "2025-05-14 20:51:05", "levelname": "INFO", "name": "streamlit_app.app", "message": "Using API URL: http://127.0.0.1:5000"}
{"asctime": "2025-05-14 20:51:05", "levelname": "INFO", "name": "streamlit_app.app", "message": "Configuring security settings"}
{"asctime": "2025-05-14 20:51:05", "levelname": "INFO", "name": "streamlit_app.app", "message": "Starting application"}
{"asctime": "2025-05-14 20:51:05", "levelname": "INFO", "name": "streamlit_app.app", "message": "Displaying privacy statement"}
{"asctime": "2025-05-14 20:51:05", "levelname": "INFO", "name": "streamlit_app.app", "message": "Privacy statement accepted"}
{"asctime": "2025-05-14 20:51:05", "levelname": "INFO", "name": "streamlit_app.app", "message": "Environment variables loaded"}
{"asctime": "2025-05-14 20:51:05", "levelname": "INFO", "name": "streamlit_app.app", "message": "Using API URL: http://127.0.0.1:5000"}
{"asctime": "2025-05-14 20:51:05", "levelname": "INFO", "name": "streamlit_app.app", "message": "Configuring security settings"}
{"asctime": "2025-05-14 20:51:05", "levelname": "INFO", "name": "streamlit_app.app", "message": "Starting application"}
{"asctime": "2025-05-14 20:51:05", "levelname": "INFO", "name": "streamlit_app.app", "message": "Retrieving filter options"}
{"asctime": "2025-05-14 20:51:13", "levelname": "INFO", "name": "streamlit_app.app", "message": "Environment variables loaded"}
{"asctime": "2025-05-14 20:51:13", "levelname": "INFO", "name": "streamlit_app.app", "message": "Using API URL: http://127.0.0.1:5000"}
{"asctime": "2025-05-14 20:51:13", "levelname": "INFO", "name": "streamlit_app.app", "message": "Configuring security settings"}
{"asctime": "2025-05-14 20:51:13", "levelname": "INFO", "name": "streamlit_app.app", "message": "Starting application"}
{"asctime": "2025-05-14 20:51:13", "levelname": "INFO", "name": "streamlit_app.app", "message": "Privacy statement not accepted yet"}
{"asctime": "2025-05-14 20:51:13", "levelname": "INFO", "name": "streamlit_app.app", "message": "Displaying privacy statement"}
